<?xml version="1.0" encoding="UTF-8"?>
<!-- Generated by org.testng.reporters.JUnitReportReporter -->
<testsuite skipped="0" hostname="CDC2-D-CG1SXJ2" name="jenkins.Integrate" tests="1" failures="0" timestamp="17 Apr 2019 06:25:09 GMT" time="0.782" errors="0">
  <testcase name="f" time="0.782" classname="jenkins.Integrate"/>
</testsuite> <!-- jenkins.Integrate -->
